2019-01-18 23:14:04 DEBUG BasicClientConnectionManager:161 - Get connection for route {}->http://localhost:8080
2019-01-18 23:14:04 DEBUG DefaultClientConnectionOperator:177 - Connecting to localhost:8080
2019-01-18 23:14:04 DEBUG RequestAddCookies:123 - CookieSpec selected: ignoreCookies
2019-01-18 23:14:04 DEBUG RequestAuthCache:77 - Auth cache not set in the context
2019-01-18 23:14:04 DEBUG RequestTargetAuthentication:80 - Target auth state: UNCHALLENGED
2019-01-18 23:14:04 DEBUG RequestProxyAuthentication:89 - Proxy auth state: UNCHALLENGED
2019-01-18 23:14:04 DEBUG DefaultHttpClient:682 - Attempt 1 to execute request
2019-01-18 23:14:04 DEBUG DefaultClientConnection:274 - Sending request: POST /rest/auth/1/session HTTP/1.1
2019-01-18 23:14:04 DEBUG wire:73 -  >> "POST /rest/auth/1/session HTTP/1.1[\r][\n]"
2019-01-18 23:14:04 DEBUG wire:73 -  >> "Accept: */*[\r][\n]"
2019-01-18 23:14:04 DEBUG wire:73 -  >> "Content-Type: application/json; charset=UTF-8[\r][\n]"
2019-01-18 23:14:04 DEBUG wire:73 -  >> "Content-Length: 56[\r][\n]"
2019-01-18 23:14:04 DEBUG wire:73 -  >> "Host: localhost:8080[\r][\n]"
2019-01-18 23:14:04 DEBUG wire:73 -  >> "Connection: Keep-Alive[\r][\n]"
2019-01-18 23:14:04 DEBUG wire:73 -  >> "User-Agent: Apache-HttpClient/4.5.3 (Java/1.8.0_181)[\r][\n]"
2019-01-18 23:14:04 DEBUG wire:73 -  >> "Accept-Encoding: gzip,deflate[\r][\n]"
2019-01-18 23:14:04 DEBUG wire:73 -  >> "[\r][\n]"
2019-01-18 23:14:04 DEBUG headers:278 - >> POST /rest/auth/1/session HTTP/1.1
2019-01-18 23:14:04 DEBUG headers:281 - >> Accept: */*
2019-01-18 23:14:04 DEBUG headers:281 - >> Content-Type: application/json; charset=UTF-8
2019-01-18 23:14:04 DEBUG headers:281 - >> Content-Length: 56
2019-01-18 23:14:04 DEBUG headers:281 - >> Host: localhost:8080
2019-01-18 23:14:04 DEBUG headers:281 - >> Connection: Keep-Alive
2019-01-18 23:14:04 DEBUG headers:281 - >> User-Agent: Apache-HttpClient/4.5.3 (Java/1.8.0_181)
2019-01-18 23:14:04 DEBUG headers:281 - >> Accept-Encoding: gzip,deflate
2019-01-18 23:14:04 DEBUG wire:73 -  >> "{  [\n]"
2019-01-18 23:14:04 DEBUG wire:73 -  >> "   "username":"testdata",[\n]"
2019-01-18 23:14:04 DEBUG wire:73 -  >> "   "password":"testdata"[\n]"
2019-01-18 23:14:04 DEBUG wire:87 -  >> "}"
2019-01-18 23:14:04 DEBUG wire:73 -  << "HTTP/1.1 200 [\r][\n]"
2019-01-18 23:14:04 DEBUG wire:73 -  << "X-AREQUESTID: 1394x898x1[\r][\n]"
2019-01-18 23:14:04 DEBUG wire:73 -  << "X-XSS-Protection: 1; mode=block[\r][\n]"
2019-01-18 23:14:04 DEBUG wire:73 -  << "X-Content-Type-Options: nosniff[\r][\n]"
2019-01-18 23:14:04 DEBUG wire:73 -  << "X-Frame-Options: SAMEORIGIN[\r][\n]"
2019-01-18 23:14:04 DEBUG wire:73 -  << "Content-Security-Policy: frame-ancestors 'self'[\r][\n]"
2019-01-18 23:14:04 DEBUG wire:73 -  << "X-ASEN: SEN-L12959485[\r][\n]"
2019-01-18 23:14:04 DEBUG wire:73 -  << "Set-Cookie: atlassian.xsrf.token=B6GJ-VC8N-JZXX-DWOV_35850dd6c18fb5c13573271cb1fb4055e6e8b6ef_lout; Path=/[\r][\n]"
2019-01-18 23:14:04 DEBUG wire:73 -  << "X-AUSERNAME: anonymous[\r][\n]"
2019-01-18 23:14:04 DEBUG wire:73 -  << "Set-Cookie: JSESSIONID=CC9FE4FA7F2E88E2CACF3A50C2A03E95; Path=/; HttpOnly[\r][\n]"
2019-01-18 23:14:04 DEBUG wire:73 -  << "X-Seraph-LoginReason: OK[\r][\n]"
2019-01-18 23:14:04 DEBUG wire:73 -  << "Cache-Control: no-cache, no-store, no-transform[\r][\n]"
2019-01-18 23:14:04 DEBUG wire:73 -  << "Content-Encoding: gzip[\r][\n]"
2019-01-18 23:14:04 DEBUG wire:73 -  << "Vary: User-Agent[\r][\n]"
2019-01-18 23:14:04 DEBUG wire:73 -  << "Content-Type: application/json;charset=UTF-8[\r][\n]"
2019-01-18 23:14:04 DEBUG wire:73 -  << "Transfer-Encoding: chunked[\r][\n]"
2019-01-18 23:14:04 DEBUG wire:73 -  << "Date: Sat, 19 Jan 2019 04:14:04 GMT[\r][\n]"
2019-01-18 23:14:04 DEBUG wire:73 -  << "[\r][\n]"
2019-01-18 23:14:04 DEBUG DefaultClientConnection:259 - Receiving response: HTTP/1.1 200 
2019-01-18 23:14:04 DEBUG headers:262 - << HTTP/1.1 200 
2019-01-18 23:14:04 DEBUG headers:265 - << X-AREQUESTID: 1394x898x1
2019-01-18 23:14:04 DEBUG headers:265 - << X-XSS-Protection: 1; mode=block
2019-01-18 23:14:04 DEBUG headers:265 - << X-Content-Type-Options: nosniff
2019-01-18 23:14:04 DEBUG headers:265 - << X-Frame-Options: SAMEORIGIN
2019-01-18 23:14:04 DEBUG headers:265 - << Content-Security-Policy: frame-ancestors 'self'
2019-01-18 23:14:04 DEBUG headers:265 - << X-ASEN: SEN-L12959485
2019-01-18 23:14:04 DEBUG headers:265 - << Set-Cookie: atlassian.xsrf.token=B6GJ-VC8N-JZXX-DWOV_35850dd6c18fb5c13573271cb1fb4055e6e8b6ef_lout; Path=/
2019-01-18 23:14:04 DEBUG headers:265 - << X-AUSERNAME: anonymous
2019-01-18 23:14:04 DEBUG headers:265 - << Set-Cookie: JSESSIONID=CC9FE4FA7F2E88E2CACF3A50C2A03E95; Path=/; HttpOnly
2019-01-18 23:14:04 DEBUG headers:265 - << X-Seraph-LoginReason: OK
2019-01-18 23:14:04 DEBUG headers:265 - << Cache-Control: no-cache, no-store, no-transform
2019-01-18 23:14:04 DEBUG headers:265 - << Content-Encoding: gzip
2019-01-18 23:14:04 DEBUG headers:265 - << Vary: User-Agent
2019-01-18 23:14:04 DEBUG headers:265 - << Content-Type: application/json;charset=UTF-8
2019-01-18 23:14:04 DEBUG headers:265 - << Transfer-Encoding: chunked
2019-01-18 23:14:04 DEBUG headers:265 - << Date: Sat, 19 Jan 2019 04:14:04 GMT
2019-01-18 23:14:04 DEBUG DefaultHttpClient:509 - Connection can be kept alive indefinitely
2019-01-18 23:14:04 DEBUG RequestSpecificationImpl$RestAssuredHttpBuilder:544 - Parsing response as: application/json;charset=UTF-8
2019-01-18 23:14:04 DEBUG wire:73 -  << "97[\r][\n]"
2019-01-18 23:14:04 DEBUG wire:87 -  << "[0x1f][0x8b][0x8][0x0][0x0][0x0][0x0][0x0][0x0][0x0][0x1c][0xcd][0xb1][0xe][0xc2] [0x14][0x85][0xe1]w[0xb9]35p)ia#[0x8][0x9][0xc6][0xe8][0xd0][0xbe]@[0x7]4$[0x15][0x8c][0xd8].[\r][0xef][0xae][0xed]x[0xbe][0xe1][0xfc][0x1b][0x94]PJ[0xcc][0x9][0xd4][0x6]iz[0x5]Pp[0x19][0xec]0[0xf8][0xfb][0xcd][0x9f][0x81][0xc0]:[0xcd][0xcb][0x8e][0xc6]Hg[[0xa7];[0x87][0xb6][0xef]-[0x1a]m[0x1c][0xd7][0x82][0x1a][0xd4][0x94][)[0xa0][0x12][0x98][0xf3]3&[0x9f][0x1e]y?;[0x86][0xc9]K[0xfa][0x82]b[0x82][0xc0][0xfb][0x13][0xd6][0x98][0x97]r[0xdd]}[0x8c]G[0x9])[0x93][\r]e[\r][0xeb]G[0xe4][0x8a]q[0x85][0xed][0x9][0xbb]?[0x9]J[0xa1][0xd6][0x1f][0x0][0x0][0x0][0xff][0xff]"
2019-01-18 23:14:04 DEBUG wire:73 -  << "[\r][\n]"
2019-01-18 23:14:04 DEBUG wire:73 -  << "a[\r][\n]"
2019-01-18 23:14:04 DEBUG wire:87 -  << "[0x3][0x0][0x12][0xe2][0xb8][0xd4][0x9d][0x0][0x0][0x0]"
2019-01-18 23:14:04 DEBUG wire:73 -  << "[\r][\n]"
2019-01-18 23:14:04 DEBUG wire:73 -  << "0[\r][\n]"
2019-01-18 23:14:04 DEBUG wire:73 -  << "[\r][\n]"
2019-01-18 23:14:04 DEBUG RequestSpecificationImpl$RestAssuredHttpBuilder:547 - Parsed data to instance of: class org.apache.http.conn.EofSensorInputStream
2019-01-18 23:14:04 DEBUG BasicClientConnectionManager:200 - Releasing connection org.apache.http.impl.conn.ManagedClientConnectionImpl@539d019
2019-01-18 23:14:04 DEBUG BasicClientConnectionManager:225 - Connection can be kept alive indefinitely
2019-01-18 23:14:05 DEBUG BasicClientConnectionManager:161 - Get connection for route {}->http://localhost:8080
2019-01-18 23:14:05 DEBUG DefaultClientConnectionOperator:177 - Connecting to localhost:8080
2019-01-18 23:14:05 DEBUG RequestAddCookies:123 - CookieSpec selected: ignoreCookies
2019-01-18 23:14:05 DEBUG RequestAuthCache:77 - Auth cache not set in the context
2019-01-18 23:14:05 DEBUG RequestTargetAuthentication:80 - Target auth state: UNCHALLENGED
2019-01-18 23:14:05 DEBUG RequestProxyAuthentication:89 - Proxy auth state: UNCHALLENGED
2019-01-18 23:14:05 DEBUG DefaultHttpClient:682 - Attempt 1 to execute request
2019-01-18 23:14:05 DEBUG DefaultClientConnection:274 - Sending request: POST /rest/api/2/issue/ HTTP/1.1
2019-01-18 23:14:05 DEBUG wire:73 -  >> "POST /rest/api/2/issue/ HTTP/1.1[\r][\n]"
2019-01-18 23:14:05 DEBUG wire:73 -  >> "cookie: JSESSIONID=CC9FE4FA7F2E88E2CACF3A50C2A03E95[\r][\n]"
2019-01-18 23:14:05 DEBUG wire:73 -  >> "Accept: */*[\r][\n]"
2019-01-18 23:14:05 DEBUG wire:73 -  >> "Content-Type: application/json; charset=UTF-8[\r][\n]"
2019-01-18 23:14:05 DEBUG wire:73 -  >> "Content-Length: 299[\r][\n]"
2019-01-18 23:14:05 DEBUG wire:73 -  >> "Host: localhost:8080[\r][\n]"
2019-01-18 23:14:05 DEBUG wire:73 -  >> "Connection: Keep-Alive[\r][\n]"
2019-01-18 23:14:05 DEBUG wire:73 -  >> "User-Agent: Apache-HttpClient/4.5.3 (Java/1.8.0_181)[\r][\n]"
2019-01-18 23:14:05 DEBUG wire:73 -  >> "Accept-Encoding: gzip,deflate[\r][\n]"
2019-01-18 23:14:05 DEBUG wire:73 -  >> "[\r][\n]"
2019-01-18 23:14:05 DEBUG headers:278 - >> POST /rest/api/2/issue/ HTTP/1.1
2019-01-18 23:14:05 DEBUG headers:281 - >> cookie: JSESSIONID=CC9FE4FA7F2E88E2CACF3A50C2A03E95
2019-01-18 23:14:05 DEBUG headers:281 - >> Accept: */*
2019-01-18 23:14:05 DEBUG headers:281 - >> Content-Type: application/json; charset=UTF-8
2019-01-18 23:14:05 DEBUG headers:281 - >> Content-Length: 299
2019-01-18 23:14:05 DEBUG headers:281 - >> Host: localhost:8080
2019-01-18 23:14:05 DEBUG headers:281 - >> Connection: Keep-Alive
2019-01-18 23:14:05 DEBUG headers:281 - >> User-Agent: Apache-HttpClient/4.5.3 (Java/1.8.0_181)
2019-01-18 23:14:05 DEBUG headers:281 - >> Accept-Encoding: gzip,deflate
2019-01-18 23:14:05 DEBUG wire:73 -  >> "{[\n]"
2019-01-18 23:14:05 DEBUG wire:73 -  >> "    "fields": {[\n]"
2019-01-18 23:14:05 DEBUG wire:73 -  >> "       "project":[\n]"
2019-01-18 23:14:05 DEBUG wire:73 -  >> "       { [\n]"
2019-01-18 23:14:05 DEBUG wire:73 -  >> "          "key": "REST"[\n]"
2019-01-18 23:14:05 DEBUG wire:73 -  >> "       },[\n]"
2019-01-18 23:14:05 DEBUG wire:73 -  >> "       "summary": "Creating Issue form REST Automation Framework.1010PM on 18 Jan 19",[\n]"
2019-01-18 23:14:05 DEBUG wire:73 -  >> "       "description": "Creating issue form REST Automation Framework",[\n]"
2019-01-18 23:14:05 DEBUG wire:73 -  >> "       "issuetype": {[\n]"
2019-01-18 23:14:05 DEBUG wire:73 -  >> "          "name": "Bug"[\n]"
2019-01-18 23:14:05 DEBUG wire:73 -  >> "       }[\n]"
2019-01-18 23:14:05 DEBUG wire:73 -  >> "   }[\n]"
2019-01-18 23:14:05 DEBUG wire:87 -  >> "}"
2019-01-18 23:14:05 DEBUG wire:73 -  << "HTTP/1.1 201 [\r][\n]"
2019-01-18 23:14:05 DEBUG wire:73 -  << "X-AREQUESTID: 1394x899x1[\r][\n]"
2019-01-18 23:14:05 DEBUG wire:73 -  << "X-ASESSIONID: 1g6w9uz[\r][\n]"
2019-01-18 23:14:05 DEBUG wire:73 -  << "X-XSS-Protection: 1; mode=block[\r][\n]"
2019-01-18 23:14:05 DEBUG wire:73 -  << "X-Content-Type-Options: nosniff[\r][\n]"
2019-01-18 23:14:05 DEBUG wire:73 -  << "X-Frame-Options: SAMEORIGIN[\r][\n]"
2019-01-18 23:14:05 DEBUG wire:73 -  << "Content-Security-Policy: frame-ancestors 'self'[\r][\n]"
2019-01-18 23:14:05 DEBUG wire:73 -  << "X-ASEN: SEN-L12959485[\r][\n]"
2019-01-18 23:14:05 DEBUG wire:73 -  << "X-Seraph-LoginReason: OK[\r][\n]"
2019-01-18 23:14:05 DEBUG wire:73 -  << "Set-Cookie: atlassian.xsrf.token=B6GJ-VC8N-JZXX-DWOV_127635237afdb5d5fd6f88c38fffe32183dc69dd_lin; Path=/[\r][\n]"
2019-01-18 23:14:05 DEBUG wire:73 -  << "X-AUSERNAME: testdata[\r][\n]"
2019-01-18 23:14:05 DEBUG wire:73 -  << "Cache-Control: no-cache, no-store, no-transform[\r][\n]"
2019-01-18 23:14:05 DEBUG wire:73 -  << "Content-Encoding: gzip[\r][\n]"
2019-01-18 23:14:05 DEBUG wire:73 -  << "Vary: User-Agent[\r][\n]"
2019-01-18 23:14:05 DEBUG wire:73 -  << "Content-Type: application/json;charset=UTF-8[\r][\n]"
2019-01-18 23:14:05 DEBUG wire:73 -  << "Transfer-Encoding: chunked[\r][\n]"
2019-01-18 23:14:05 DEBUG wire:73 -  << "Date: Sat, 19 Jan 2019 04:14:04 GMT[\r][\n]"
2019-01-18 23:14:05 DEBUG wire:73 -  << "[\r][\n]"
2019-01-18 23:14:05 DEBUG DefaultClientConnection:259 - Receiving response: HTTP/1.1 201 
2019-01-18 23:14:05 DEBUG headers:262 - << HTTP/1.1 201 
2019-01-18 23:14:05 DEBUG headers:265 - << X-AREQUESTID: 1394x899x1
2019-01-18 23:14:05 DEBUG headers:265 - << X-ASESSIONID: 1g6w9uz
2019-01-18 23:14:05 DEBUG headers:265 - << X-XSS-Protection: 1; mode=block
2019-01-18 23:14:05 DEBUG headers:265 - << X-Content-Type-Options: nosniff
2019-01-18 23:14:05 DEBUG headers:265 - << X-Frame-Options: SAMEORIGIN
2019-01-18 23:14:05 DEBUG headers:265 - << Content-Security-Policy: frame-ancestors 'self'
2019-01-18 23:14:05 DEBUG headers:265 - << X-ASEN: SEN-L12959485
2019-01-18 23:14:05 DEBUG headers:265 - << X-Seraph-LoginReason: OK
2019-01-18 23:14:05 DEBUG headers:265 - << Set-Cookie: atlassian.xsrf.token=B6GJ-VC8N-JZXX-DWOV_127635237afdb5d5fd6f88c38fffe32183dc69dd_lin; Path=/
2019-01-18 23:14:05 DEBUG headers:265 - << X-AUSERNAME: testdata
2019-01-18 23:14:05 DEBUG headers:265 - << Cache-Control: no-cache, no-store, no-transform
2019-01-18 23:14:05 DEBUG headers:265 - << Content-Encoding: gzip
2019-01-18 23:14:05 DEBUG headers:265 - << Vary: User-Agent
2019-01-18 23:14:05 DEBUG headers:265 - << Content-Type: application/json;charset=UTF-8
2019-01-18 23:14:05 DEBUG headers:265 - << Transfer-Encoding: chunked
2019-01-18 23:14:05 DEBUG headers:265 - << Date: Sat, 19 Jan 2019 04:14:04 GMT
2019-01-18 23:14:05 DEBUG DefaultHttpClient:509 - Connection can be kept alive indefinitely
2019-01-18 23:14:05 DEBUG RequestSpecificationImpl$RestAssuredHttpBuilder:544 - Parsing response as: application/json;charset=UTF-8
2019-01-18 23:14:05 DEBUG wire:73 -  << "5d[\r][\n]"
2019-01-18 23:14:05 DEBUG wire:87 -  << "[0x1f][0x8b][0x8][0x0][0x0][0x0][0x0][0x0][0x0][0x0][0xaa]V[0xca]LQ[0xb2]R2400[0xb2]T[0xd2]Q[0xca]N[0xad][0x4][0xf2][0x82]\[0x83]Ct[0x8d][\r][0x80][0xfc][0xe2][0xd4][0x9c]4[0xa0]@FII[0x81][0x95][0xbe]~N~rbNF~q[0x89][0x95][0x85][0x81][0x85][0x81]~Qjq[0x89]~bA[0xa6][0xbe][0x91]~fqqi[0xaa]>[0xc4][0x94]Z[0x0][0x0][0x0][0x0][0xff][0xff]"
2019-01-18 23:14:05 DEBUG wire:73 -  << "[\r][\n]"
2019-01-18 23:14:05 DEBUG wire:73 -  << "a[\r][\n]"
2019-01-18 23:14:05 DEBUG wire:87 -  << "[0x3][0x0]h[0x87]Y[0xa0]T[0x0][0x0][0x0]"
2019-01-18 23:14:05 DEBUG wire:73 -  << "[\r][\n]"
2019-01-18 23:14:05 DEBUG wire:73 -  << "0[\r][\n]"
2019-01-18 23:14:05 DEBUG wire:73 -  << "[\r][\n]"
2019-01-18 23:14:05 DEBUG RequestSpecificationImpl$RestAssuredHttpBuilder:547 - Parsed data to instance of: class org.apache.http.conn.EofSensorInputStream
2019-01-18 23:14:05 DEBUG BasicClientConnectionManager:200 - Releasing connection org.apache.http.impl.conn.ManagedClientConnectionImpl@75f65e45
2019-01-18 23:14:05 DEBUG BasicClientConnectionManager:225 - Connection can be kept alive indefinitely
