2019-01-18 23:13:24 DEBUG BasicClientConnectionManager:161 - Get connection for route {}->http://localhost:8080
2019-01-18 23:13:24 DEBUG DefaultClientConnectionOperator:177 - Connecting to localhost:8080
2019-01-18 23:13:24 DEBUG RequestAddCookies:123 - CookieSpec selected: ignoreCookies
2019-01-18 23:13:24 DEBUG RequestAuthCache:77 - Auth cache not set in the context
2019-01-18 23:13:24 DEBUG RequestTargetAuthentication:80 - Target auth state: UNCHALLENGED
2019-01-18 23:13:24 DEBUG RequestProxyAuthentication:89 - Proxy auth state: UNCHALLENGED
2019-01-18 23:13:24 DEBUG DefaultHttpClient:682 - Attempt 1 to execute request
2019-01-18 23:13:24 DEBUG DefaultClientConnection:274 - Sending request: POST /rest/auth/1/session HTTP/1.1
2019-01-18 23:13:24 DEBUG wire:73 -  >> "POST /rest/auth/1/session HTTP/1.1[\r][\n]"
2019-01-18 23:13:24 DEBUG wire:73 -  >> "Accept: */*[\r][\n]"
2019-01-18 23:13:24 DEBUG wire:73 -  >> "Content-Type: application/json; charset=UTF-8[\r][\n]"
2019-01-18 23:13:24 DEBUG wire:73 -  >> "Content-Length: 56[\r][\n]"
2019-01-18 23:13:24 DEBUG wire:73 -  >> "Host: localhost:8080[\r][\n]"
2019-01-18 23:13:24 DEBUG wire:73 -  >> "Connection: Keep-Alive[\r][\n]"
2019-01-18 23:13:24 DEBUG wire:73 -  >> "User-Agent: Apache-HttpClient/4.5.3 (Java/1.8.0_181)[\r][\n]"
2019-01-18 23:13:24 DEBUG wire:73 -  >> "Accept-Encoding: gzip,deflate[\r][\n]"
2019-01-18 23:13:24 DEBUG wire:73 -  >> "[\r][\n]"
2019-01-18 23:13:24 DEBUG headers:278 - >> POST /rest/auth/1/session HTTP/1.1
2019-01-18 23:13:24 DEBUG headers:281 - >> Accept: */*
2019-01-18 23:13:24 DEBUG headers:281 - >> Content-Type: application/json; charset=UTF-8
2019-01-18 23:13:24 DEBUG headers:281 - >> Content-Length: 56
2019-01-18 23:13:24 DEBUG headers:281 - >> Host: localhost:8080
2019-01-18 23:13:24 DEBUG headers:281 - >> Connection: Keep-Alive
2019-01-18 23:13:24 DEBUG headers:281 - >> User-Agent: Apache-HttpClient/4.5.3 (Java/1.8.0_181)
2019-01-18 23:13:24 DEBUG headers:281 - >> Accept-Encoding: gzip,deflate
2019-01-18 23:13:24 DEBUG wire:73 -  >> "{  [\n]"
2019-01-18 23:13:24 DEBUG wire:73 -  >> "   "username":"testdata",[\n]"
2019-01-18 23:13:24 DEBUG wire:73 -  >> "   "password":"testdata"[\n]"
2019-01-18 23:13:24 DEBUG wire:87 -  >> "}"
2019-01-18 23:13:24 DEBUG wire:73 -  << "HTTP/1.1 200 [\r][\n]"
2019-01-18 23:13:24 DEBUG wire:73 -  << "X-AREQUESTID: 1393x896x1[\r][\n]"
2019-01-18 23:13:24 DEBUG wire:73 -  << "X-XSS-Protection: 1; mode=block[\r][\n]"
2019-01-18 23:13:24 DEBUG wire:73 -  << "X-Content-Type-Options: nosniff[\r][\n]"
2019-01-18 23:13:24 DEBUG wire:73 -  << "X-Frame-Options: SAMEORIGIN[\r][\n]"
2019-01-18 23:13:24 DEBUG wire:73 -  << "Content-Security-Policy: frame-ancestors 'self'[\r][\n]"
2019-01-18 23:13:24 DEBUG wire:73 -  << "X-ASEN: SEN-L12959485[\r][\n]"
2019-01-18 23:13:24 DEBUG wire:73 -  << "Set-Cookie: atlassian.xsrf.token=B6GJ-VC8N-JZXX-DWOV_f5c121414cb3ff4baa4e3e59f3172cd733ced7bd_lout; Path=/[\r][\n]"
2019-01-18 23:13:24 DEBUG wire:73 -  << "X-AUSERNAME: anonymous[\r][\n]"
2019-01-18 23:13:24 DEBUG wire:73 -  << "Set-Cookie: JSESSIONID=F1389BB2C47C8006D2C1DA3DFCCB0992; Path=/; HttpOnly[\r][\n]"
2019-01-18 23:13:24 DEBUG wire:73 -  << "X-Seraph-LoginReason: OK[\r][\n]"
2019-01-18 23:13:24 DEBUG wire:73 -  << "Cache-Control: no-cache, no-store, no-transform[\r][\n]"
2019-01-18 23:13:24 DEBUG wire:73 -  << "Content-Encoding: gzip[\r][\n]"
2019-01-18 23:13:24 DEBUG wire:73 -  << "Vary: User-Agent[\r][\n]"
2019-01-18 23:13:24 DEBUG wire:73 -  << "Content-Type: application/json;charset=UTF-8[\r][\n]"
2019-01-18 23:13:24 DEBUG wire:73 -  << "Transfer-Encoding: chunked[\r][\n]"
2019-01-18 23:13:24 DEBUG wire:73 -  << "Date: Sat, 19 Jan 2019 04:13:24 GMT[\r][\n]"
2019-01-18 23:13:24 DEBUG wire:73 -  << "[\r][\n]"
2019-01-18 23:13:24 DEBUG DefaultClientConnection:259 - Receiving response: HTTP/1.1 200 
2019-01-18 23:13:24 DEBUG headers:262 - << HTTP/1.1 200 
2019-01-18 23:13:24 DEBUG headers:265 - << X-AREQUESTID: 1393x896x1
2019-01-18 23:13:24 DEBUG headers:265 - << X-XSS-Protection: 1; mode=block
2019-01-18 23:13:24 DEBUG headers:265 - << X-Content-Type-Options: nosniff
2019-01-18 23:13:24 DEBUG headers:265 - << X-Frame-Options: SAMEORIGIN
2019-01-18 23:13:24 DEBUG headers:265 - << Content-Security-Policy: frame-ancestors 'self'
2019-01-18 23:13:24 DEBUG headers:265 - << X-ASEN: SEN-L12959485
2019-01-18 23:13:24 DEBUG headers:265 - << Set-Cookie: atlassian.xsrf.token=B6GJ-VC8N-JZXX-DWOV_f5c121414cb3ff4baa4e3e59f3172cd733ced7bd_lout; Path=/
2019-01-18 23:13:24 DEBUG headers:265 - << X-AUSERNAME: anonymous
2019-01-18 23:13:24 DEBUG headers:265 - << Set-Cookie: JSESSIONID=F1389BB2C47C8006D2C1DA3DFCCB0992; Path=/; HttpOnly
2019-01-18 23:13:24 DEBUG headers:265 - << X-Seraph-LoginReason: OK
2019-01-18 23:13:24 DEBUG headers:265 - << Cache-Control: no-cache, no-store, no-transform
2019-01-18 23:13:24 DEBUG headers:265 - << Content-Encoding: gzip
2019-01-18 23:13:24 DEBUG headers:265 - << Vary: User-Agent
2019-01-18 23:13:24 DEBUG headers:265 - << Content-Type: application/json;charset=UTF-8
2019-01-18 23:13:24 DEBUG headers:265 - << Transfer-Encoding: chunked
2019-01-18 23:13:24 DEBUG headers:265 - << Date: Sat, 19 Jan 2019 04:13:24 GMT
2019-01-18 23:13:24 DEBUG DefaultHttpClient:509 - Connection can be kept alive indefinitely
2019-01-18 23:13:24 DEBUG RequestSpecificationImpl$RestAssuredHttpBuilder:544 - Parsing response as: application/json;charset=UTF-8
2019-01-18 23:13:24 DEBUG wire:73 -  << "97[\r][\n]"
2019-01-18 23:13:24 DEBUG wire:87 -  << "[0x1f][0x8b][0x8][0x0][0x0][0x0][0x0][0x0][0x0][0x0][0x1c][0xcd][0xb1][0xe][0x82]0[0x14][0x85][0xe1]w[0xb9]3[0x98]{[[0xd0][0xb6][0x9b][0xb4][0x92][0xd4][0x18][0x1d][0xca][0xb]0 i[0x82][0xad][0xb1][0xc2]Bxw-[0xe3][0xf9][0x86][0xf3][0xaf][0x90][0x86][0x94]|[0xc][0xa0]V[0x8][0xfd]k[0x0][0x5]Wwq[0xce]>[0xee][0xd6]@[0x1]K?[0xcd][0x19][[0xe2]B6[\r][0xd3][0xd5]I[0xb][0xc4][0xa3]a[0x9a][0xcc][0x99][0x9b]V[0xeb][0x6][0xa5]d[0xb0][0x15]0[0xc5][0xd1][0x7][0x1b][0x9e]1[0x9f][0xed]C[0xc7]9|AQU[0xc0][0xfb]3,>[0xce][0xe9][0x96][0xbd][0xf3]{[0x89]![0xc9][0x12][0xa9]$[0xd1]1[0xae][0x8]UM[0x7][0x92][0xaa][0x11]a[0xdb]~[0x0][0x0][0x0][0xff][0xff]"
2019-01-18 23:13:24 DEBUG wire:73 -  << "[\r][\n]"
2019-01-18 23:13:24 DEBUG wire:73 -  << "a[\r][\n]"
2019-01-18 23:13:24 DEBUG wire:87 -  << "[0x3][0x0]&[0xcd]@z[0x9d][0x0][0x0][0x0]"
2019-01-18 23:13:24 DEBUG wire:73 -  << "[\r][\n]"
2019-01-18 23:13:24 DEBUG wire:73 -  << "0[\r][\n]"
2019-01-18 23:13:24 DEBUG wire:73 -  << "[\r][\n]"
2019-01-18 23:13:24 DEBUG RequestSpecificationImpl$RestAssuredHttpBuilder:547 - Parsed data to instance of: class org.apache.http.conn.EofSensorInputStream
2019-01-18 23:13:24 DEBUG BasicClientConnectionManager:200 - Releasing connection org.apache.http.impl.conn.ManagedClientConnectionImpl@539d019
2019-01-18 23:13:24 DEBUG BasicClientConnectionManager:225 - Connection can be kept alive indefinitely
2019-01-18 23:13:24 DEBUG BasicClientConnectionManager:161 - Get connection for route {}->http://localhost:8080
2019-01-18 23:13:24 DEBUG DefaultClientConnectionOperator:177 - Connecting to localhost:8080
2019-01-18 23:13:24 DEBUG RequestAddCookies:123 - CookieSpec selected: ignoreCookies
2019-01-18 23:13:24 DEBUG RequestAuthCache:77 - Auth cache not set in the context
2019-01-18 23:13:24 DEBUG RequestTargetAuthentication:80 - Target auth state: UNCHALLENGED
2019-01-18 23:13:24 DEBUG RequestProxyAuthentication:89 - Proxy auth state: UNCHALLENGED
2019-01-18 23:13:24 DEBUG DefaultHttpClient:682 - Attempt 1 to execute request
2019-01-18 23:13:24 DEBUG DefaultClientConnection:274 - Sending request: POST /rest/api/2/issue/ HTTP/1.1
2019-01-18 23:13:24 DEBUG wire:73 -  >> "POST /rest/api/2/issue/ HTTP/1.1[\r][\n]"
2019-01-18 23:13:24 DEBUG wire:73 -  >> "cookie: JSESSIONID=F1389BB2C47C8006D2C1DA3DFCCB0992[\r][\n]"
2019-01-18 23:13:24 DEBUG wire:73 -  >> "Accept: */*[\r][\n]"
2019-01-18 23:13:24 DEBUG wire:73 -  >> "Content-Type: application/json; charset=UTF-8[\r][\n]"
2019-01-18 23:13:24 DEBUG wire:73 -  >> "Content-Length: 299[\r][\n]"
2019-01-18 23:13:24 DEBUG wire:73 -  >> "Host: localhost:8080[\r][\n]"
2019-01-18 23:13:24 DEBUG wire:73 -  >> "Connection: Keep-Alive[\r][\n]"
2019-01-18 23:13:24 DEBUG wire:73 -  >> "User-Agent: Apache-HttpClient/4.5.3 (Java/1.8.0_181)[\r][\n]"
2019-01-18 23:13:24 DEBUG wire:73 -  >> "Accept-Encoding: gzip,deflate[\r][\n]"
2019-01-18 23:13:24 DEBUG wire:73 -  >> "[\r][\n]"
2019-01-18 23:13:24 DEBUG headers:278 - >> POST /rest/api/2/issue/ HTTP/1.1
2019-01-18 23:13:24 DEBUG headers:281 - >> cookie: JSESSIONID=F1389BB2C47C8006D2C1DA3DFCCB0992
2019-01-18 23:13:24 DEBUG headers:281 - >> Accept: */*
2019-01-18 23:13:24 DEBUG headers:281 - >> Content-Type: application/json; charset=UTF-8
2019-01-18 23:13:24 DEBUG headers:281 - >> Content-Length: 299
2019-01-18 23:13:24 DEBUG headers:281 - >> Host: localhost:8080
2019-01-18 23:13:24 DEBUG headers:281 - >> Connection: Keep-Alive
2019-01-18 23:13:24 DEBUG headers:281 - >> User-Agent: Apache-HttpClient/4.5.3 (Java/1.8.0_181)
2019-01-18 23:13:24 DEBUG headers:281 - >> Accept-Encoding: gzip,deflate
2019-01-18 23:13:24 DEBUG wire:73 -  >> "{[\n]"
2019-01-18 23:13:24 DEBUG wire:73 -  >> "    "fields": {[\n]"
2019-01-18 23:13:24 DEBUG wire:73 -  >> "       "project":[\n]"
2019-01-18 23:13:24 DEBUG wire:73 -  >> "       { [\n]"
2019-01-18 23:13:24 DEBUG wire:73 -  >> "          "key": "REST"[\n]"
2019-01-18 23:13:24 DEBUG wire:73 -  >> "       },[\n]"
2019-01-18 23:13:24 DEBUG wire:73 -  >> "       "summary": "Creating Issue form REST Automation Framework.1010PM on 18 Jan 19",[\n]"
2019-01-18 23:13:24 DEBUG wire:73 -  >> "       "description": "Creating issue form REST Automation Framework",[\n]"
2019-01-18 23:13:24 DEBUG wire:73 -  >> "       "issuetype": {[\n]"
2019-01-18 23:13:24 DEBUG wire:73 -  >> "          "name": "Bug"[\n]"
2019-01-18 23:13:24 DEBUG wire:73 -  >> "       }[\n]"
2019-01-18 23:13:24 DEBUG wire:73 -  >> "   }[\n]"
2019-01-18 23:13:24 DEBUG wire:87 -  >> "}"
2019-01-18 23:13:25 DEBUG wire:73 -  << "HTTP/1.1 201 [\r][\n]"
2019-01-18 23:13:25 DEBUG wire:73 -  << "X-AREQUESTID: 1393x897x1[\r][\n]"
2019-01-18 23:13:25 DEBUG wire:73 -  << "X-ASESSIONID: 1c3qm7c[\r][\n]"
2019-01-18 23:13:25 DEBUG wire:73 -  << "X-XSS-Protection: 1; mode=block[\r][\n]"
2019-01-18 23:13:25 DEBUG wire:73 -  << "X-Content-Type-Options: nosniff[\r][\n]"
2019-01-18 23:13:25 DEBUG wire:73 -  << "X-Frame-Options: SAMEORIGIN[\r][\n]"
2019-01-18 23:13:25 DEBUG wire:73 -  << "Content-Security-Policy: frame-ancestors 'self'[\r][\n]"
2019-01-18 23:13:25 DEBUG wire:73 -  << "X-ASEN: SEN-L12959485[\r][\n]"
2019-01-18 23:13:25 DEBUG wire:73 -  << "X-Seraph-LoginReason: OK[\r][\n]"
2019-01-18 23:13:25 DEBUG wire:73 -  << "Set-Cookie: atlassian.xsrf.token=B6GJ-VC8N-JZXX-DWOV_38eaf30ce56cee160441d1354965d854a2498acf_lin; Path=/[\r][\n]"
2019-01-18 23:13:25 DEBUG wire:73 -  << "X-AUSERNAME: testdata[\r][\n]"
2019-01-18 23:13:25 DEBUG wire:73 -  << "Cache-Control: no-cache, no-store, no-transform[\r][\n]"
2019-01-18 23:13:25 DEBUG wire:73 -  << "Content-Encoding: gzip[\r][\n]"
2019-01-18 23:13:25 DEBUG wire:73 -  << "Vary: User-Agent[\r][\n]"
2019-01-18 23:13:25 DEBUG wire:73 -  << "Content-Type: application/json;charset=UTF-8[\r][\n]"
2019-01-18 23:13:25 DEBUG wire:73 -  << "Transfer-Encoding: chunked[\r][\n]"
2019-01-18 23:13:25 DEBUG wire:73 -  << "Date: Sat, 19 Jan 2019 04:13:24 GMT[\r][\n]"
2019-01-18 23:13:25 DEBUG wire:73 -  << "[\r][\n]"
2019-01-18 23:13:25 DEBUG DefaultClientConnection:259 - Receiving response: HTTP/1.1 201 
2019-01-18 23:13:25 DEBUG headers:262 - << HTTP/1.1 201 
2019-01-18 23:13:25 DEBUG headers:265 - << X-AREQUESTID: 1393x897x1
2019-01-18 23:13:25 DEBUG headers:265 - << X-ASESSIONID: 1c3qm7c
2019-01-18 23:13:25 DEBUG headers:265 - << X-XSS-Protection: 1; mode=block
2019-01-18 23:13:25 DEBUG headers:265 - << X-Content-Type-Options: nosniff
2019-01-18 23:13:25 DEBUG headers:265 - << X-Frame-Options: SAMEORIGIN
2019-01-18 23:13:25 DEBUG headers:265 - << Content-Security-Policy: frame-ancestors 'self'
2019-01-18 23:13:25 DEBUG headers:265 - << X-ASEN: SEN-L12959485
2019-01-18 23:13:25 DEBUG headers:265 - << X-Seraph-LoginReason: OK
2019-01-18 23:13:25 DEBUG headers:265 - << Set-Cookie: atlassian.xsrf.token=B6GJ-VC8N-JZXX-DWOV_38eaf30ce56cee160441d1354965d854a2498acf_lin; Path=/
2019-01-18 23:13:25 DEBUG headers:265 - << X-AUSERNAME: testdata
2019-01-18 23:13:25 DEBUG headers:265 - << Cache-Control: no-cache, no-store, no-transform
2019-01-18 23:13:25 DEBUG headers:265 - << Content-Encoding: gzip
2019-01-18 23:13:25 DEBUG headers:265 - << Vary: User-Agent
2019-01-18 23:13:25 DEBUG headers:265 - << Content-Type: application/json;charset=UTF-8
2019-01-18 23:13:25 DEBUG headers:265 - << Transfer-Encoding: chunked
2019-01-18 23:13:25 DEBUG headers:265 - << Date: Sat, 19 Jan 2019 04:13:24 GMT
2019-01-18 23:13:25 DEBUG DefaultHttpClient:509 - Connection can be kept alive indefinitely
2019-01-18 23:13:25 DEBUG RequestSpecificationImpl$RestAssuredHttpBuilder:544 - Parsing response as: application/json;charset=UTF-8
2019-01-18 23:13:25 DEBUG wire:73 -  << "5d[\r][\n]"
2019-01-18 23:13:25 DEBUG wire:87 -  << "[0x1f][0x8b][0x8][0x0][0x0][0x0][0x0][0x0][0x0][0x0][0xaa]V[0xca]LQ[0xb2]R2400[0xb2]P[0xd2]Q[0xca]N[0xad][0x4][0xf2][0x82]\[0x83]Ct[0x8d],[0x81][0xfc][0xe2][0xd4][0x9c]4[0xa0]@FII[0x81][0x95][0xbe]~N~rbNF~q[0x89][0x95][0x85][0x81][0x85][0x81]~Qjq[0x89]~bA[0xa6][0xbe][0x91]~fqqi[0xaa]>[0xc4][0x94]Z[0x0][0x0][0x0][0x0][0xff][0xff]"
2019-01-18 23:13:25 DEBUG wire:73 -  << "[\r][\n]"
2019-01-18 23:13:25 DEBUG wire:73 -  << "a[\r][\n]"
2019-01-18 23:13:25 DEBUG wire:87 -  << "[0x3][0x0][0x86][0xff]l[0xc1]T[0x0][0x0][0x0]"
2019-01-18 23:13:25 DEBUG wire:73 -  << "[\r][\n]"
2019-01-18 23:13:25 DEBUG wire:73 -  << "0[\r][\n]"
2019-01-18 23:13:25 DEBUG wire:73 -  << "[\r][\n]"
2019-01-18 23:13:25 DEBUG RequestSpecificationImpl$RestAssuredHttpBuilder:547 - Parsed data to instance of: class org.apache.http.conn.EofSensorInputStream
2019-01-18 23:13:25 DEBUG BasicClientConnectionManager:200 - Releasing connection org.apache.http.impl.conn.ManagedClientConnectionImpl@75f65e45
2019-01-18 23:13:25 DEBUG BasicClientConnectionManager:225 - Connection can be kept alive indefinitely
